  dynamicSize.cpp
D:\projects2\dynamicSize\dynamicSize\dynamicSize.cpp(43,60): warning C4244: аргумент: преобразование "float" в "_Tp", возможна потеря данных
          with
          [
              _Tp=int
          ]
D:\projects2\dynamicSize\dynamicSize\dynamicSize.cpp(43,57): warning C4244: аргумент: преобразование "float" в "_Tp", возможна потеря данных
          with
          [
              _Tp=int
          ]
D:\projects2\dynamicSize\dynamicSize\dynamicSize.cpp(80,16): warning C4244: =: преобразование "_Tp" в "_Tp", возможна потеря данных
          with
          [
              _Tp=int
          ]
          and
          [
              _Tp=float
          ]
D:\projects2\dynamicSize\dynamicSize\dynamicSize.cpp(81,16): warning C4244: =: преобразование "_Tp" в "_Tp", возможна потеря данных
          with
          [
              _Tp=int
          ]
          and
          [
              _Tp=float
          ]
D:\projects2\dynamicSize\dynamicSize\dynamicSize.cpp(85,16): warning C4244: =: преобразование "_Tp" в "_Tp", возможна потеря данных
          with
          [
              _Tp=int
          ]
          and
          [
              _Tp=float
          ]
D:\projects2\dynamicSize\dynamicSize\dynamicSize.cpp(86,16): warning C4244: =: преобразование "_Tp" в "_Tp", возможна потеря данных
          with
          [
              _Tp=int
          ]
          and
          [
              _Tp=float
          ]
D:\projects2\dynamicSize\dynamicSize\dynamicSize.cpp(90,16): warning C4244: =: преобразование "_Tp" в "_Tp", возможна потеря данных
          with
          [
              _Tp=int
          ]
          and
          [
              _Tp=float
          ]
D:\projects2\dynamicSize\dynamicSize\dynamicSize.cpp(91,16): warning C4244: =: преобразование "_Tp" в "_Tp", возможна потеря данных
          with
          [
              _Tp=int
          ]
          and
          [
              _Tp=float
          ]
D:\projects2\dynamicSize\dynamicSize\dynamicSize.cpp(110,57): warning C4244: аргумент: преобразование "float" в "_Tp", возможна потеря данных
          with
          [
              _Tp=int
          ]
D:\projects2\dynamicSize\dynamicSize\dynamicSize.cpp(110,54): warning C4244: аргумент: преобразование "float" в "_Tp", возможна потеря данных
          with
          [
              _Tp=int
          ]
D:\projects2\dynamicSize\dynamicSize\dynamicSize.cpp(111,48): warning C4244: аргумент: преобразование "_Tp" в "_Tp", возможна потеря данных
          with
          [
              _Tp=float
          ]
          and
          [
              _Tp=int
          ]
D:\projects2\dynamicSize\dynamicSize\dynamicSize.cpp(111,38): warning C4244: аргумент: преобразование "_Tp" в "_Tp", возможна потеря данных
          with
          [
              _Tp=float
          ]
          and
          [
              _Tp=int
          ]
D:\projects2\dynamicSize\dynamicSize\dynamicSize.cpp(112,48): warning C4244: аргумент: преобразование "_Tp" в "_Tp", возможна потеря данных
          with
          [
              _Tp=float
          ]
          and
          [
              _Tp=int
          ]
D:\projects2\dynamicSize\dynamicSize\dynamicSize.cpp(112,38): warning C4244: аргумент: преобразование "_Tp" в "_Tp", возможна потеря данных
          with
          [
              _Tp=float
          ]
          and
          [
              _Tp=int
          ]
D:\projects2\dynamicSize\dynamicSize\dynamicSize.cpp(113,48): warning C4244: аргумент: преобразование "_Tp" в "_Tp", возможна потеря данных
          with
          [
              _Tp=float
          ]
          and
          [
              _Tp=int
          ]
D:\projects2\dynamicSize\dynamicSize\dynamicSize.cpp(113,38): warning C4244: аргумент: преобразование "_Tp" в "_Tp", возможна потеря данных
          with
          [
              _Tp=float
          ]
          and
          [
              _Tp=int
          ]
D:\projects2\dynamicSize\dynamicSize\dynamicSize.cpp(114,48): warning C4244: аргумент: преобразование "_Tp" в "_Tp", возможна потеря данных
          with
          [
              _Tp=float
          ]
          and
          [
              _Tp=int
          ]
D:\projects2\dynamicSize\dynamicSize\dynamicSize.cpp(114,38): warning C4244: аргумент: преобразование "_Tp" в "_Tp", возможна потеря данных
          with
          [
              _Tp=float
          ]
          and
          [
              _Tp=int
          ]
D:\projects2\dynamicSize\dynamicSize\dynamicSize.cpp(116,44): warning C4244: аргумент: преобразование "_Tp" в "_Tp", возможна потеря данных
          with
          [
              _Tp=float
          ]
          and
          [
              _Tp=int
          ]
D:\projects2\dynamicSize\dynamicSize\dynamicSize.cpp(116,34): warning C4244: аргумент: преобразование "_Tp" в "_Tp", возможна потеря данных
          with
          [
              _Tp=float
          ]
          and
          [
              _Tp=int
          ]
D:\projects2\dynamicSize\dynamicSize\dynamicSize.cpp(117,44): warning C4244: аргумент: преобразование "_Tp" в "_Tp", возможна потеря данных
          with
          [
              _Tp=float
          ]
          and
          [
              _Tp=int
          ]
D:\projects2\dynamicSize\dynamicSize\dynamicSize.cpp(117,34): warning C4244: аргумент: преобразование "_Tp" в "_Tp", возможна потеря данных
          with
          [
              _Tp=float
          ]
          and
          [
              _Tp=int
          ]
D:\projects2\dynamicSize\dynamicSize\dynamicSize.cpp(118,44): warning C4244: аргумент: преобразование "_Tp" в "_Tp", возможна потеря данных
          with
          [
              _Tp=float
          ]
          and
          [
              _Tp=int
          ]
D:\projects2\dynamicSize\dynamicSize\dynamicSize.cpp(118,34): warning C4244: аргумент: преобразование "_Tp" в "_Tp", возможна потеря данных
          with
          [
              _Tp=float
          ]
          and
          [
              _Tp=int
          ]
D:\projects2\dynamicSize\dynamicSize\dynamicSize.cpp(119,44): warning C4244: аргумент: преобразование "_Tp" в "_Tp", возможна потеря данных
          with
          [
              _Tp=float
          ]
          and
          [
              _Tp=int
          ]
D:\projects2\dynamicSize\dynamicSize\dynamicSize.cpp(119,34): warning C4244: аргумент: преобразование "_Tp" в "_Tp", возможна потеря данных
          with
          [
              _Tp=float
          ]
          and
          [
              _Tp=int
          ]
  dynamicSize.vcxproj -> D:\projects2\dynamicSize\x64\Debug\dynamicSize.exe
